<?xml version="1.0" encoding="UTF-8"?>
<coverage generated="1753647639201" clover="3.2.0">
  <project timestamp="1753647639201" name="All files">
    <metrics statements="90" coveredstatements="88" conditionals="14" coveredconditionals="10" methods="18" coveredmethods="17" elements="122" coveredelements="115" complexity="0" loc="90" ncloc="90" packages="4" files="8" classes="8"/>
    <package name="src">
      <metrics statements="9" coveredstatements="9" conditionals="0" coveredconditionals="0" methods="3" coveredmethods="3"/>
      <file name="app.controller.ts" path="D:\Projects\Personal\github_projects\backlogify\backend\src\app.controller.ts">
        <metrics statements="6" coveredstatements="6" conditionals="0" coveredconditionals="0" methods="2" coveredmethods="2"/>
        <line num="1" count="1" type="stmt"/>
        <line num="2" count="1" type="stmt"/>
        <line num="5" count="1" type="stmt"/>
        <line num="6" count="1" type="stmt"/>
        <line num="9" count="1" type="stmt"/>
        <line num="10" count="1" type="stmt"/>
      </file>
      <file name="app.service.ts" path="D:\Projects\Personal\github_projects\backlogify\backend\src\app.service.ts">
        <metrics statements="3" coveredstatements="3" conditionals="0" coveredconditionals="0" methods="1" coveredmethods="1"/>
        <line num="1" count="1" type="stmt"/>
        <line num="4" count="1" type="stmt"/>
        <line num="6" count="1" type="stmt"/>
      </file>
    </package>
    <package name="src.backlogs">
      <metrics statements="37" coveredstatements="35" conditionals="6" coveredconditionals="2" methods="8" coveredmethods="7"/>
      <file name="backlogs.controller.ts" path="D:\Projects\Personal\github_projects\backlogify\backend\src\backlogs\backlogs.controller.ts">
        <metrics statements="13" coveredstatements="13" conditionals="3" coveredconditionals="2" methods="3" coveredmethods="3"/>
        <line num="1" count="1" type="stmt"/>
        <line num="11" count="1" type="stmt"/>
        <line num="12" count="1" type="stmt"/>
        <line num="15" count="1" type="stmt"/>
        <line num="16" count="3" type="stmt"/>
        <line num="19" count="1" type="stmt"/>
        <line num="20" count="2" type="stmt"/>
        <line num="21" count="2" type="cond" truecount="1" falsecount="0"/>
        <line num="22" count="1" type="stmt"/>
        <line num="24" count="1" type="stmt"/>
        <line num="29" count="1" type="stmt"/>
        <line num="33" count="1" type="stmt"/>
        <line num="39" count="1" type="stmt"/>
      </file>
      <file name="backlogs.dto.ts" path="D:\Projects\Personal\github_projects\backlogify\backend\src\backlogs\backlogs.dto.ts">
        <metrics statements="5" coveredstatements="5" conditionals="0" coveredconditionals="0" methods="0" coveredmethods="0"/>
        <line num="1" count="1" type="stmt"/>
        <line num="3" count="1" type="stmt"/>
        <line num="5" count="1" type="stmt"/>
        <line num="9" count="1" type="stmt"/>
        <line num="13" count="1" type="stmt"/>
      </file>
      <file name="backlogs.service.ts" path="D:\Projects\Personal\github_projects\backlogify\backend\src\backlogs\backlogs.service.ts">
        <metrics statements="19" coveredstatements="17" conditionals="3" coveredconditionals="0" methods="5" coveredmethods="4"/>
        <line num="1" count="2" type="stmt"/>
        <line num="7" count="2" type="stmt"/>
        <line num="10" count="2" type="stmt"/>
        <line num="11" count="3" type="stmt"/>
        <line num="14" count="4" type="stmt"/>
        <line num="16" count="4" type="stmt"/>
        <line num="20" count="1" type="cond" truecount="0" falsecount="1"/>
        <line num="21" count="0" type="stmt"/>
        <line num="23" count="1" type="stmt"/>
        <line num="28" count="1" type="stmt"/>
        <line num="29" count="1" type="stmt"/>
        <line num="36" count="1" type="stmt"/>
        <line num="37" count="1" type="cond" truecount="0" falsecount="1"/>
        <line num="39" count="1" type="stmt"/>
        <line num="40" count="0" type="stmt"/>
        <line num="42" count="1" type="cond" truecount="0" falsecount="1"/>
        <line num="44" count="1" type="stmt"/>
        <line num="50" count="1" type="stmt"/>
        <line num="51" count="1" type="stmt"/>
      </file>
    </package>
    <package name="src.games">
      <metrics statements="19" coveredstatements="19" conditionals="5" coveredconditionals="5" methods="5" coveredmethods="5"/>
      <file name="games.controller.ts" path="D:\Projects\Personal\github_projects\backlogify\backend\src\games\games.controller.ts">
        <metrics statements="8" coveredstatements="8" conditionals="3" coveredconditionals="3" methods="2" coveredmethods="2"/>
        <line num="1" count="1" type="stmt"/>
        <line num="2" count="1" type="stmt"/>
        <line num="5" count="1" type="stmt"/>
        <line num="6" count="6" type="stmt"/>
        <line num="9" count="1" type="stmt"/>
        <line num="10" count="8" type="cond" truecount="3" falsecount="0"/>
        <line num="11" count="5" type="stmt"/>
        <line num="14" count="3" type="stmt"/>
      </file>
      <file name="games.service.ts" path="D:\Projects\Personal\github_projects\backlogify\backend\src\games\games.service.ts">
        <metrics statements="11" coveredstatements="11" conditionals="2" coveredconditionals="2" methods="3" coveredmethods="3"/>
        <line num="1" count="2" type="stmt"/>
        <line num="2" count="2" type="stmt"/>
        <line num="6" count="2" type="stmt"/>
        <line num="7" count="4" type="stmt"/>
        <line num="9" count="4" type="stmt"/>
        <line num="12" count="4" type="stmt"/>
        <line num="13" count="4" type="stmt"/>
        <line num="15" count="4" type="stmt"/>
        <line num="17" count="4" type="stmt"/>
        <line num="23" count="1" type="stmt"/>
        <line num="27" count="1" type="stmt"/>
      </file>
    </package>
    <package name="src.rawg">
      <metrics statements="25" coveredstatements="25" conditionals="3" coveredconditionals="3" methods="2" coveredmethods="2"/>
      <file name="rawg.service.ts" path="D:\Projects\Personal\github_projects\backlogify\backend\src\rawg\rawg.service.ts">
        <metrics statements="25" coveredstatements="25" conditionals="3" coveredconditionals="3" methods="2" coveredmethods="2"/>
        <line num="1" count="3" type="stmt"/>
        <line num="3" count="3" type="stmt"/>
        <line num="4" count="3" type="stmt"/>
        <line num="5" count="3" type="stmt"/>
        <line num="8" count="3" type="stmt"/>
        <line num="9" count="6" type="stmt"/>
        <line num="10" count="6" type="stmt"/>
        <line num="14" count="6" type="stmt"/>
        <line num="15" count="6" type="stmt"/>
        <line num="17" count="6" type="stmt"/>
        <line num="19" count="6" type="cond" truecount="1" falsecount="0"/>
        <line num="20" count="1" type="stmt"/>
        <line num="21" count="1" type="stmt"/>
        <line num="26" count="4" type="stmt"/>
        <line num="27" count="4" type="stmt"/>
        <line num="28" count="4" type="stmt"/>
        <line num="33" count="4" type="stmt"/>
        <line num="35" count="4" type="stmt"/>
        <line num="39" count="1" type="stmt"/>
        <line num="41" count="3" type="stmt"/>
        <line num="46" count="3" type="cond" truecount="1" falsecount="0"/>
        <line num="47" count="1" type="stmt"/>
        <line num="53" count="2" type="cond" truecount="1" falsecount="0"/>
        <line num="54" count="1" type="stmt"/>
        <line num="60" count="1" type="stmt"/>
      </file>
    </package>
  </project>
</coverage>
