{"D:\\Projects\\Personal\\github_projects\\backlogify\\backend\\src\\app.controller.ts": {"path":"D:\\Projects\\Personal\\github_projects\\backlogify\\backend\\src\\app.controller.ts","statementMap":{"0":{"start":{"line":1,"column":0},"end":{"line":1,"column":49}},"1":{"start":{"line":2,"column":0},"end":{"line":2,"column":43}},"2":{"start":{"line":5,"column":7},"end":{"line":12,"column":null}},"3":{"start":{"line":6,"column":31},"end":{"line":6,"column":43}},"4":{"start":{"line":10,"column":4},"end":{"line":10,"column":38}},"5":{"start":{"line":5,"column":13},"end":{"line":5,"column":26}},"6":{"start":{"line":9,"column":2},"end":{"line":11,"column":null}},"7":{"start":{"line":5,"column":13},"end":{"line":12,"column":null}}},"fnMap":{"0":{"name":"(anonymous_2)","decl":{"start":{"line":6,"column":2},"end":{"line":6,"column":31}},"loc":{"start":{"line":6,"column":53},"end":{"line":6,"column":57}}},"1":{"name":"(anonymous_3)","decl":{"start":{"line":9,"column":2},"end":{"line":9,"column":10}},"loc":{"start":{"line":9,"column":10},"end":{"line":11,"column":3}}}},"branchMap":{},"s":{"0":1,"1":1,"2":1,"3":1,"4":1,"5":1,"6":1,"7":1},"f":{"0":1,"1":1},"b":{}}
,"D:\\Projects\\Personal\\github_projects\\backlogify\\backend\\src\\app.service.ts": {"path":"D:\\Projects\\Personal\\github_projects\\backlogify\\backend\\src\\app.service.ts","statementMap":{"0":{"start":{"line":1,"column":0},"end":{"line":1,"column":44}},"1":{"start":{"line":4,"column":7},"end":{"line":8,"column":null}},"2":{"start":{"line":6,"column":4},"end":{"line":6,"column":26}},"3":{"start":{"line":4,"column":13},"end":{"line":4,"column":23}},"4":{"start":{"line":4,"column":13},"end":{"line":8,"column":null}}},"fnMap":{"0":{"name":"(anonymous_1)","decl":{"start":{"line":5,"column":2},"end":{"line":5,"column":10}},"loc":{"start":{"line":5,"column":10},"end":{"line":7,"column":3}}}},"branchMap":{},"s":{"0":1,"1":1,"2":1,"3":1,"4":1},"f":{"0":1},"b":{}}
,"D:\\Projects\\Personal\\github_projects\\backlogify\\backend\\src\\backlogs\\backlogs.controller.ts": {"path":"D:\\Projects\\Personal\\github_projects\\backlogify\\backend\\src\\backlogs\\backlogs.controller.ts","statementMap":{"0":{"start":{"line":1,"column":0},"end":{"line":1,"column":null}},"1":{"start":{"line":11,"column":0},"end":{"line":11,"column":53}},"2":{"start":{"line":12,"column":0},"end":{"line":12,"column":53}},"3":{"start":{"line":15,"column":7},"end":{"line":44,"column":null}},"4":{"start":{"line":16,"column":31},"end":{"line":16,"column":48}},"5":{"start":{"line":20,"column":20},"end":{"line":20,"column":55}},"6":{"start":{"line":21,"column":4},"end":{"line":23,"column":5}},"7":{"start":{"line":22,"column":6},"end":{"line":22,"column":57}},"8":{"start":{"line":24,"column":4},"end":{"line":24,"column":19}},"9":{"start":{"line":33,"column":17},"end":{"line":37,"column":6}},"10":{"start":{"line":39,"column":4},"end":{"line":42,"column":6}},"11":{"start":{"line":15,"column":13},"end":{"line":15,"column":31}},"12":{"start":{"line":19,"column":2},"end":{"line":25,"column":null}},"13":{"start":{"line":29,"column":2},"end":{"line":43,"column":null}},"14":{"start":{"line":15,"column":13},"end":{"line":44,"column":null}}},"fnMap":{"0":{"name":"(anonymous_4)","decl":{"start":{"line":16,"column":2},"end":{"line":16,"column":31}},"loc":{"start":{"line":16,"column":63},"end":{"line":16,"column":67}}},"1":{"name":"(anonymous_5)","decl":{"start":{"line":19,"column":2},"end":{"line":19,"column":12}},"loc":{"start":{"line":19,"column":36},"end":{"line":25,"column":3}}},"2":{"name":"(anonymous_6)","decl":{"start":{"line":29,"column":2},"end":{"line":29,"column":9}},"loc":{"start":{"line":31,"column":51},"end":{"line":43,"column":3}}}},"branchMap":{"0":{"loc":{"start":{"line":21,"column":4},"end":{"line":23,"column":5}},"type":"if","locations":[{"start":{"line":21,"column":4},"end":{"line":23,"column":5}}]},"1":{"loc":{"start":{"line":36,"column":16},"end":{"line":36,"column":37}},"type":"binary-expr","locations":[{"start":{"line":36,"column":16},"end":{"line":36,"column":29}},{"start":{"line":36,"column":33},"end":{"line":36,"column":37}}]}},"s":{"0":1,"1":1,"2":1,"3":1,"4":3,"5":2,"6":2,"7":1,"8":1,"9":1,"10":1,"11":1,"12":1,"13":1,"14":1},"f":{"0":3,"1":2,"2":1},"b":{"0":[1],"1":[1,0]}}
,"D:\\Projects\\Personal\\github_projects\\backlogify\\backend\\src\\backlogs\\backlogs.dto.ts": {"path":"D:\\Projects\\Personal\\github_projects\\backlogify\\backend\\src\\backlogs\\backlogs.dto.ts","statementMap":{"0":{"start":{"line":1,"column":0},"end":{"line":1,"column":77}},"1":{"start":{"line":3,"column":0},"end":{"line":3,"column":13}},"2":{"start":{"line":5,"column":2},"end":{"line":5,"column":null}},"3":{"start":{"line":9,"column":2},"end":{"line":9,"column":null}},"4":{"start":{"line":13,"column":2},"end":{"line":13,"column":null}}},"fnMap":{},"branchMap":{},"s":{"0":1,"1":1,"2":1,"3":1,"4":1},"f":{},"b":{}}
,"D:\\Projects\\Personal\\github_projects\\backlogify\\backend\\src\\backlogs\\backlogs.service.ts": {"path":"D:\\Projects\\Personal\\github_projects\\backlogify\\backend\\src\\backlogs\\backlogs.service.ts","statementMap":{"0":{"start":{"line":1,"column":0},"end":{"line":1,"column":null}},"1":{"start":{"line":7,"column":0},"end":{"line":7,"column":36}},"2":{"start":{"line":10,"column":7},"end":{"line":53,"column":null}},"3":{"start":{"line":11,"column":32},"end":{"line":11,"column":34}},"4":{"start":{"line":14,"column":20},"end":{"line":14,"column":58}},"5":{"start":{"line":14,"column":46},"end":{"line":14,"column":57}},"6":{"start":{"line":16,"column":4},"end":{"line":16,"column":19}},"7":{"start":{"line":20,"column":4},"end":{"line":22,"column":5}},"8":{"start":{"line":21,"column":6},"end":{"line":21,"column":60}},"9":{"start":{"line":23,"column":32},"end":{"line":27,"column":6}},"10":{"start":{"line":28,"column":4},"end":{"line":28,"column":35}},"11":{"start":{"line":29,"column":4},"end":{"line":29,"column":22}},"12":{"start":{"line":36,"column":20},"end":{"line":36,"column":46}},"13":{"start":{"line":37,"column":4},"end":{"line":37,"column":67}},"14":{"start":{"line":37,"column":18},"end":{"line":37,"column":67}},"15":{"start":{"line":39,"column":19},"end":{"line":40,"column":null}},"16":{"start":{"line":40,"column":13},"end":{"line":40,"column":59}},"17":{"start":{"line":42,"column":4},"end":{"line":42,"column":67}},"18":{"start":{"line":42,"column":16},"end":{"line":42,"column":67}},"19":{"start":{"line":44,"column":33},"end":{"line":48,"column":6}},"20":{"start":{"line":50,"column":4},"end":{"line":50,"column":32}},"21":{"start":{"line":51,"column":4},"end":{"line":51,"column":19}},"22":{"start":{"line":10,"column":13},"end":{"line":10,"column":28}},"23":{"start":{"line":10,"column":13},"end":{"line":53,"column":null}}},"fnMap":{"0":{"name":"(anonymous_1)","decl":{"start":{"line":13,"column":2},"end":{"line":13,"column":12}},"loc":{"start":{"line":13,"column":23},"end":{"line":17,"column":3}}},"1":{"name":"(anonymous_2)","decl":{"start":{"line":14,"column":39},"end":{"line":14,"column":40}},"loc":{"start":{"line":14,"column":46},"end":{"line":14,"column":57}}},"2":{"name":"(anonymous_3)","decl":{"start":{"line":19,"column":2},"end":{"line":19,"column":15}},"loc":{"start":{"line":19,"column":40},"end":{"line":30,"column":3}}},"3":{"name":"(anonymous_4)","decl":{"start":{"line":32,"column":2},"end":{"line":32,"column":18}},"loc":{"start":{"line":34,"column":45},"end":{"line":52,"column":3}}},"4":{"name":"(anonymous_5)","decl":{"start":{"line":40,"column":6},"end":{"line":40,"column":7}},"loc":{"start":{"line":40,"column":13},"end":{"line":40,"column":59}}}},"branchMap":{"0":{"loc":{"start":{"line":20,"column":4},"end":{"line":22,"column":5}},"type":"if","locations":[{"start":{"line":20,"column":4},"end":{"line":22,"column":5}}]},"1":{"loc":{"start":{"line":37,"column":4},"end":{"line":37,"column":67}},"type":"if","locations":[{"start":{"line":37,"column":4},"end":{"line":37,"column":67}}]},"2":{"loc":{"start":{"line":42,"column":4},"end":{"line":42,"column":67}},"type":"if","locations":[{"start":{"line":42,"column":4},"end":{"line":42,"column":67}}]}},"s":{"0":2,"1":2,"2":2,"3":3,"4":4,"5":2,"6":4,"7":1,"8":0,"9":1,"10":1,"11":1,"12":1,"13":1,"14":0,"15":1,"16":0,"17":1,"18":0,"19":1,"20":1,"21":1,"22":2,"23":2},"f":{"0":4,"1":2,"2":1,"3":1,"4":0},"b":{"0":[0],"1":[0],"2":[0]}}
,"D:\\Projects\\Personal\\github_projects\\backlogify\\backend\\src\\games\\games.controller.ts": {"path":"D:\\Projects\\Personal\\github_projects\\backlogify\\backend\\src\\games\\games.controller.ts","statementMap":{"0":{"start":{"line":1,"column":0},"end":{"line":1,"column":77}},"1":{"start":{"line":2,"column":0},"end":{"line":2,"column":47}},"2":{"start":{"line":5,"column":7},"end":{"line":16,"column":null}},"3":{"start":{"line":6,"column":31},"end":{"line":6,"column":45}},"4":{"start":{"line":10,"column":4},"end":{"line":12,"column":5}},"5":{"start":{"line":11,"column":6},"end":{"line":11,"column":64}},"6":{"start":{"line":14,"column":4},"end":{"line":14,"column":50}},"7":{"start":{"line":5,"column":13},"end":{"line":5,"column":28}},"8":{"start":{"line":9,"column":8},"end":{"line":15,"column":null}},"9":{"start":{"line":5,"column":13},"end":{"line":16,"column":null}}},"fnMap":{"0":{"name":"(anonymous_4)","decl":{"start":{"line":6,"column":2},"end":{"line":6,"column":31}},"loc":{"start":{"line":6,"column":57},"end":{"line":6,"column":61}}},"1":{"name":"(anonymous_5)","decl":{"start":{"line":9,"column":2},"end":{"line":9,"column":7}},"loc":{"start":{"line":9,"column":44},"end":{"line":15,"column":3}}}},"branchMap":{"0":{"loc":{"start":{"line":10,"column":4},"end":{"line":12,"column":5}},"type":"if","locations":[{"start":{"line":10,"column":4},"end":{"line":12,"column":5}}]},"1":{"loc":{"start":{"line":10,"column":8},"end":{"line":10,"column":43}},"type":"binary-expr","locations":[{"start":{"line":10,"column":8},"end":{"line":10,"column":14}},{"start":{"line":10,"column":18},"end":{"line":10,"column":43}}]}},"s":{"0":1,"1":1,"2":1,"3":6,"4":8,"5":5,"6":3,"7":1,"8":1,"9":1},"f":{"0":6,"1":8},"b":{"0":[5],"1":[8,5]}}
,"D:\\Projects\\Personal\\github_projects\\backlogify\\backend\\src\\games\\games.service.ts": {"path":"D:\\Projects\\Personal\\github_projects\\backlogify\\backend\\src\\games\\games.service.ts","statementMap":{"0":{"start":{"line":1,"column":0},"end":{"line":1,"column":52}},"1":{"start":{"line":2,"column":0},"end":{"line":2,"column":51}},"2":{"start":{"line":6,"column":25},"end":{"line":30,"column":null}},"3":{"start":{"line":7,"column":28},"end":{"line":7,"column":57}},"4":{"start":{"line":9,"column":31},"end":{"line":9,"column":44}},"5":{"start":{"line":12,"column":4},"end":{"line":28,"column":5}},"6":{"start":{"line":13,"column":6},"end":{"line":13,"column":63}},"7":{"start":{"line":15,"column":27},"end":{"line":15,"column":68}},"8":{"start":{"line":17,"column":6},"end":{"line":21,"column":10}},"9":{"start":{"line":17,"column":49},"end":{"line":21,"column":8}},"10":{"start":{"line":23,"column":6},"end":{"line":26,"column":8}},"11":{"start":{"line":27,"column":6},"end":{"line":27,"column":18}},"12":{"start":{"line":6,"column":13},"end":{"line":6,"column":25}},"13":{"start":{"line":6,"column":13},"end":{"line":30,"column":null}}},"fnMap":{"0":{"name":"(anonymous_2)","decl":{"start":{"line":9,"column":2},"end":{"line":9,"column":31}},"loc":{"start":{"line":9,"column":55},"end":{"line":9,"column":59}}},"1":{"name":"(anonymous_3)","decl":{"start":{"line":11,"column":2},"end":{"line":11,"column":7}},"loc":{"start":{"line":11,"column":28},"end":{"line":29,"column":3}}},"2":{"name":"(anonymous_4)","decl":{"start":{"line":17,"column":38},"end":{"line":17,"column":39}},"loc":{"start":{"line":17,"column":49},"end":{"line":21,"column":8}}}},"branchMap":{"0":{"loc":{"start":{"line":20,"column":18},"end":{"line":20,"column":47}},"type":"binary-expr","locations":[{"start":{"line":20,"column":18},"end":{"line":20,"column":39}},{"start":{"line":20,"column":43},"end":{"line":20,"column":47}}]}},"s":{"0":2,"1":2,"2":2,"3":4,"4":4,"5":4,"6":4,"7":4,"8":3,"9":4,"10":1,"11":1,"12":2,"13":2},"f":{"0":4,"1":4,"2":4},"b":{"0":[4,3]}}
,"D:\\Projects\\Personal\\github_projects\\backlogify\\backend\\src\\rawg\\rawg.service.ts": {"path":"D:\\Projects\\Personal\\github_projects\\backlogify\\backend\\src\\rawg\\rawg.service.ts","statementMap":{"0":{"start":{"line":1,"column":0},"end":{"line":1,"column":79}},"1":{"start":{"line":3,"column":0},"end":{"line":3,"column":38}},"2":{"start":{"line":4,"column":0},"end":{"line":4,"column":44}},"3":{"start":{"line":5,"column":0},"end":{"line":5,"column":47}},"4":{"start":{"line":8,"column":24},"end":{"line":66,"column":null}},"5":{"start":{"line":9,"column":28},"end":{"line":9,"column":56}},"6":{"start":{"line":10,"column":29},"end":{"line":10,"column":54}},"7":{"start":{"line":14,"column":21},"end":{"line":14,"column":34}},"8":{"start":{"line":15,"column":21},"end":{"line":15,"column":36}},"9":{"start":{"line":17,"column":4},"end":{"line":17,"column":66}},"10":{"start":{"line":19,"column":4},"end":{"line":22,"column":5}},"11":{"start":{"line":20,"column":6},"end":{"line":20,"column":58}},"12":{"start":{"line":21,"column":6},"end":{"line":21,"column":50}},"13":{"start":{"line":26,"column":4},"end":{"line":64,"column":5}},"14":{"start":{"line":27,"column":18},"end":{"line":27,"column":41}},"15":{"start":{"line":28,"column":21},"end":{"line":31,"column":8}},"16":{"start":{"line":33,"column":6},"end":{"line":33,"column":71}},"17":{"start":{"line":35,"column":23},"end":{"line":36,"column":null}},"18":{"start":{"line":39,"column":6},"end":{"line":39,"column":27}},"19":{"start":{"line":41,"column":6},"end":{"line":44,"column":8}},"20":{"start":{"line":46,"column":6},"end":{"line":51,"column":7}},"21":{"start":{"line":47,"column":8},"end":{"line":50,"column":10}},"22":{"start":{"line":53,"column":6},"end":{"line":58,"column":7}},"23":{"start":{"line":54,"column":8},"end":{"line":57,"column":10}},"24":{"start":{"line":60,"column":6},"end":{"line":63,"column":8}},"25":{"start":{"line":8,"column":13},"end":{"line":8,"column":24}},"26":{"start":{"line":8,"column":13},"end":{"line":66,"column":null}}},"fnMap":{"0":{"name":"(anonymous_2)","decl":{"start":{"line":13,"column":2},"end":{"line":13,"column":null}},"loc":{"start":{"line":15,"column":49},"end":{"line":23,"column":3}}},"1":{"name":"(anonymous_3)","decl":{"start":{"line":25,"column":2},"end":{"line":25,"column":7}},"loc":{"start":{"line":25,"column":33},"end":{"line":65,"column":3}}}},"branchMap":{"0":{"loc":{"start":{"line":19,"column":4},"end":{"line":22,"column":5}},"type":"if","locations":[{"start":{"line":19,"column":4},"end":{"line":22,"column":5}}]},"1":{"loc":{"start":{"line":46,"column":6},"end":{"line":51,"column":7}},"type":"if","locations":[{"start":{"line":46,"column":6},"end":{"line":51,"column":7}}]},"2":{"loc":{"start":{"line":53,"column":6},"end":{"line":58,"column":7}},"type":"if","locations":[{"start":{"line":53,"column":6},"end":{"line":58,"column":7}}]}},"s":{"0":3,"1":3,"2":3,"3":3,"4":3,"5":6,"6":6,"7":6,"8":6,"9":6,"10":6,"11":1,"12":1,"13":4,"14":4,"15":4,"16":4,"17":4,"18":1,"19":3,"20":3,"21":1,"22":2,"23":1,"24":1,"25":3,"26":3},"f":{"0":6,"1":4},"b":{"0":[1],"1":[1],"2":[1]}}
}
