TN:
SF:src\app.controller.ts
FN:6,(anonymous_2)
FN:9,(anonymous_3)
FNF:2
FNH:2
FNDA:1,(anonymous_2)
FNDA:1,(anonymous_3)
DA:1,1
DA:2,1
DA:5,1
DA:6,1
DA:9,1
DA:10,1
LF:6
LH:6
BRF:0
BRH:0
end_of_record
TN:
SF:src\app.service.ts
FN:5,(anonymous_1)
FNF:1
FNH:1
FNDA:1,(anonymous_1)
DA:1,1
DA:4,1
DA:6,1
LF:3
LH:3
BRF:0
BRH:0
end_of_record
TN:
SF:src\backlogs\backlogs.controller.ts
FN:16,(anonymous_4)
FN:19,(anonymous_5)
FN:29,(anonymous_6)
FNF:3
FNH:3
FNDA:3,(anonymous_4)
FNDA:2,(anonymous_5)
FNDA:1,(anonymous_6)
DA:1,1
DA:11,1
DA:12,1
DA:15,1
DA:16,3
DA:19,1
DA:20,2
DA:21,2
DA:22,1
DA:24,1
DA:29,1
DA:33,1
DA:39,1
LF:13
LH:13
BRDA:21,0,0,1
BRDA:36,1,0,1
BRDA:36,1,1,0
BRF:3
BRH:2
end_of_record
TN:
SF:src\backlogs\backlogs.dto.ts
FNF:0
FNH:0
DA:1,1
DA:3,1
DA:5,1
DA:9,1
DA:13,1
LF:5
LH:5
BRF:0
BRH:0
end_of_record
TN:
SF:src\backlogs\backlogs.service.ts
FN:13,(anonymous_1)
FN:14,(anonymous_2)
FN:19,(anonymous_3)
FN:32,(anonymous_4)
FN:40,(anonymous_5)
FNF:5
FNH:4
FNDA:4,(anonymous_1)
FNDA:2,(anonymous_2)
FNDA:1,(anonymous_3)
FNDA:1,(anonymous_4)
FNDA:0,(anonymous_5)
DA:1,2
DA:7,2
DA:10,2
DA:11,3
DA:14,4
DA:16,4
DA:20,1
DA:21,0
DA:23,1
DA:28,1
DA:29,1
DA:36,1
DA:37,1
DA:39,1
DA:40,0
DA:42,1
DA:44,1
DA:50,1
DA:51,1
LF:19
LH:17
BRDA:20,0,0,0
BRDA:37,1,0,0
BRDA:42,2,0,0
BRF:3
BRH:0
end_of_record
TN:
SF:src\games\games.controller.ts
FN:6,(anonymous_4)
FN:9,(anonymous_5)
FNF:2
FNH:2
FNDA:6,(anonymous_4)
FNDA:8,(anonymous_5)
DA:1,1
DA:2,1
DA:5,1
DA:6,6
DA:9,1
DA:10,8
DA:11,5
DA:14,3
LF:8
LH:8
BRDA:10,0,0,5
BRDA:10,1,0,8
BRDA:10,1,1,5
BRF:3
BRH:3
end_of_record
TN:
SF:src\games\games.service.ts
FN:9,(anonymous_2)
FN:11,(anonymous_3)
FN:17,(anonymous_4)
FNF:3
FNH:3
FNDA:4,(anonymous_2)
FNDA:4,(anonymous_3)
FNDA:4,(anonymous_4)
DA:1,2
DA:2,2
DA:6,2
DA:7,4
DA:9,4
DA:12,4
DA:13,4
DA:15,4
DA:17,4
DA:23,1
DA:27,1
LF:11
LH:11
BRDA:20,0,0,4
BRDA:20,0,1,3
BRF:2
BRH:2
end_of_record
TN:
SF:src\rawg\rawg.service.ts
FN:13,(anonymous_2)
FN:25,(anonymous_3)
FNF:2
FNH:2
FNDA:6,(anonymous_2)
FNDA:4,(anonymous_3)
DA:1,3
DA:3,3
DA:4,3
DA:5,3
DA:8,3
DA:9,6
DA:10,6
DA:14,6
DA:15,6
DA:17,6
DA:19,6
DA:20,1
DA:21,1
DA:26,4
DA:27,4
DA:28,4
DA:33,4
DA:35,4
DA:39,1
DA:41,3
DA:46,3
DA:47,1
DA:53,2
DA:54,1
DA:60,1
LF:25
LH:25
BRDA:19,0,0,1
BRDA:46,1,0,1
BRDA:53,2,0,1
BRF:3
BRH:3
end_of_record
